2022-02-28 00:26:02.210  INFO 3955 --- [restartedMain] database.UserDbApplication               : Starting UserDbApplication using Java 13.0.2 on Andrew.local with PID 3955 (/Users/andrewjcf/1_mc_3/Backend/userDB/target/classes started by andrewjcf in /Users/andrewjcf/1_mc_3/Backend/userDB)
2022-02-28 00:26:02.234  INFO 3955 --- [restartedMain] database.UserDbApplication               : No active profile set, falling back to default profiles: default
2022-02-28 00:26:02.347  INFO 3955 --- [restartedMain] .e.DevToolsPropertyDefaultsPostProcessor : Devtools property defaults active! Set 'spring.devtools.add-properties' to 'false' to disable
2022-02-28 00:26:02.347  INFO 3955 --- [restartedMain] .e.DevToolsPropertyDefaultsPostProcessor : For additional web related logging consider setting the 'logging.level.web' property to 'DEBUG'
2022-02-28 00:26:04.245  INFO 3955 --- [restartedMain] .s.d.r.c.RepositoryConfigurationDelegate : Bootstrapping Spring Data JPA repositories in DEFAULT mode.
2022-02-28 00:26:04.322  INFO 3955 --- [restartedMain] .s.d.r.c.RepositoryConfigurationDelegate : Finished Spring Data repository scanning in 59 ms. Found 1 JPA repository interfaces.
2022-02-28 00:26:06.958  INFO 3955 --- [restartedMain] o.s.b.w.embedded.tomcat.TomcatWebServer  : Tomcat initialized with port(s): 8080 (http)
2022-02-28 00:26:06.974  INFO 3955 --- [restartedMain] o.apache.catalina.core.StandardService   : Starting service [Tomcat]
2022-02-28 00:26:06.975  INFO 3955 --- [restartedMain] org.apache.catalina.core.StandardEngine  : Starting Servlet engine: [Apache Tomcat/9.0.56]
2022-02-28 00:26:07.093  INFO 3955 --- [restartedMain] o.a.c.c.C.[Tomcat].[localhost].[/]       : Initializing Spring embedded WebApplicationContext
2022-02-28 00:26:07.093  INFO 3955 --- [restartedMain] w.s.c.ServletWebServerApplicationContext : Root WebApplicationContext: initialization completed in 4744 ms
2022-02-28 00:26:07.435  INFO 3955 --- [restartedMain] o.hibernate.jpa.internal.util.LogHelper  : HHH000204: Processing PersistenceUnitInfo [name: default]
2022-02-28 00:26:07.502  INFO 3955 --- [restartedMain] org.hibernate.Version                    : HHH000412: Hibernate ORM core version 5.6.4.Final
2022-02-28 00:26:07.795  INFO 3955 --- [restartedMain] o.hibernate.annotations.common.Version   : HCANN000001: Hibernate Commons Annotations {5.1.2.Final}
2022-02-28 00:26:07.959  INFO 3955 --- [restartedMain] com.zaxxer.hikari.HikariDataSource       : HikariPool-1 - Starting...
2022-02-28 00:26:08.888  INFO 3955 --- [restartedMain] com.zaxxer.hikari.HikariDataSource       : HikariPool-1 - Start completed.
2022-02-28 00:26:08.939  INFO 3955 --- [restartedMain] org.hibernate.dialect.Dialect            : HHH000400: Using dialect: org.hibernate.dialect.MySQL8Dialect
2022-02-28 00:26:10.555  INFO 3955 --- [restartedMain] o.h.e.t.j.p.i.JtaPlatformInitiator       : HHH000490: Using JtaPlatform implementation: [org.hibernate.engine.transaction.jta.platform.internal.NoJtaPlatform]
2022-02-28 00:26:10.574  INFO 3955 --- [restartedMain] j.LocalContainerEntityManagerFactoryBean : Initialized JPA EntityManagerFactory for persistence unit 'default'
2022-02-28 00:26:11.093  WARN 3955 --- [restartedMain] JpaBaseConfiguration$JpaWebConfiguration : spring.jpa.open-in-view is enabled by default. Therefore, database queries may be performed during view rendering. Explicitly configure spring.jpa.open-in-view to disable this warning
2022-02-28 00:26:12.570  INFO 3955 --- [restartedMain] o.s.b.d.a.OptionalLiveReloadServer       : LiveReload server is running on port 35729
2022-02-28 00:26:12.638  WARN 3955 --- [restartedMain] ConfigServletWebServerApplicationContext : Exception encountered during context initialization - cancelling refresh attempt: org.springframework.context.ApplicationContextException: Failed to start bean 'webServerStartStop'; nested exception is org.springframework.boot.web.server.PortInUseException: Port 8080 is already in use
2022-02-28 00:26:12.642  INFO 3955 --- [restartedMain] j.LocalContainerEntityManagerFactoryBean : Closing JPA EntityManagerFactory for persistence unit 'default'
2022-02-28 00:26:12.649  INFO 3955 --- [restartedMain] com.zaxxer.hikari.HikariDataSource       : HikariPool-1 - Shutdown initiated...
2022-02-28 00:26:13.080  INFO 3955 --- [restartedMain] com.zaxxer.hikari.HikariDataSource       : HikariPool-1 - Shutdown completed.
2022-02-28 00:26:13.085  INFO 3955 --- [restartedMain] o.apache.catalina.core.StandardService   : Stopping service [Tomcat]
2022-02-28 00:26:13.110  INFO 3955 --- [restartedMain] ConditionEvaluationReportLoggingListener : 

Error starting ApplicationContext. To display the conditions report re-run your application with 'debug' enabled.
2022-02-28 00:26:13.178 ERROR 3955 --- [restartedMain] o.s.b.d.LoggingFailureAnalysisReporter   : 

***************************
APPLICATION FAILED TO START
***************************

Description:

Web server failed to start. Port 8080 was already in use.

Action:

Identify and stop the process that's listening on port 8080 or configure this application to listen on another port.

2022-02-28 00:26:29.245  INFO 3959 --- [restartedMain] database.UserDbApplication               : Starting UserDbApplication using Java 13.0.2 on Andrew.local with PID 3959 (/Users/andrewjcf/1_mc_3/Backend/userDB/target/classes started by andrewjcf in /Users/andrewjcf/1_mc_3/Backend/userDB)
2022-02-28 00:26:29.247  INFO 3959 --- [restartedMain] database.UserDbApplication               : No active profile set, falling back to default profiles: default
2022-02-28 00:26:29.319  INFO 3959 --- [restartedMain] .e.DevToolsPropertyDefaultsPostProcessor : Devtools property defaults active! Set 'spring.devtools.add-properties' to 'false' to disable
2022-02-28 00:26:29.320  INFO 3959 --- [restartedMain] .e.DevToolsPropertyDefaultsPostProcessor : For additional web related logging consider setting the 'logging.level.web' property to 'DEBUG'
2022-02-28 00:26:30.239  INFO 3959 --- [restartedMain] .s.d.r.c.RepositoryConfigurationDelegate : Bootstrapping Spring Data JPA repositories in DEFAULT mode.
2022-02-28 00:26:30.306  INFO 3959 --- [restartedMain] .s.d.r.c.RepositoryConfigurationDelegate : Finished Spring Data repository scanning in 55 ms. Found 1 JPA repository interfaces.
2022-02-28 00:26:33.027  INFO 3959 --- [restartedMain] o.s.b.w.embedded.tomcat.TomcatWebServer  : Tomcat initialized with port(s): 8081 (http)
2022-02-28 00:26:33.044  INFO 3959 --- [restartedMain] o.apache.catalina.core.StandardService   : Starting service [Tomcat]
2022-02-28 00:26:33.045  INFO 3959 --- [restartedMain] org.apache.catalina.core.StandardEngine  : Starting Servlet engine: [Apache Tomcat/9.0.56]
2022-02-28 00:26:33.157  INFO 3959 --- [restartedMain] o.a.c.c.C.[Tomcat].[localhost].[/]       : Initializing Spring embedded WebApplicationContext
2022-02-28 00:26:33.157  INFO 3959 --- [restartedMain] w.s.c.ServletWebServerApplicationContext : Root WebApplicationContext: initialization completed in 3836 ms
2022-02-28 00:26:33.582  INFO 3959 --- [restartedMain] o.hibernate.jpa.internal.util.LogHelper  : HHH000204: Processing PersistenceUnitInfo [name: default]
2022-02-28 00:26:33.637  INFO 3959 --- [restartedMain] org.hibernate.Version                    : HHH000412: Hibernate ORM core version 5.6.4.Final
2022-02-28 00:26:33.835  INFO 3959 --- [restartedMain] o.hibernate.annotations.common.Version   : HCANN000001: Hibernate Commons Annotations {5.1.2.Final}
2022-02-28 00:26:33.951  INFO 3959 --- [restartedMain] com.zaxxer.hikari.HikariDataSource       : HikariPool-1 - Starting...
2022-02-28 00:26:34.705  INFO 3959 --- [restartedMain] com.zaxxer.hikari.HikariDataSource       : HikariPool-1 - Start completed.
2022-02-28 00:26:34.728  INFO 3959 --- [restartedMain] org.hibernate.dialect.Dialect            : HHH000400: Using dialect: org.hibernate.dialect.MySQL8Dialect
2022-02-28 00:26:35.518  INFO 3959 --- [restartedMain] o.h.e.t.j.p.i.JtaPlatformInitiator       : HHH000490: Using JtaPlatform implementation: [org.hibernate.engine.transaction.jta.platform.internal.NoJtaPlatform]
2022-02-28 00:26:35.530  INFO 3959 --- [restartedMain] j.LocalContainerEntityManagerFactoryBean : Initialized JPA EntityManagerFactory for persistence unit 'default'
2022-02-28 00:26:35.963  WARN 3959 --- [restartedMain] JpaBaseConfiguration$JpaWebConfiguration : spring.jpa.open-in-view is enabled by default. Therefore, database queries may be performed during view rendering. Explicitly configure spring.jpa.open-in-view to disable this warning
2022-02-28 00:26:37.557  INFO 3959 --- [restartedMain] o.s.b.d.a.OptionalLiveReloadServer       : LiveReload server is running on port 35729
2022-02-28 00:26:37.635  INFO 3959 --- [restartedMain] o.s.b.w.embedded.tomcat.TomcatWebServer  : Tomcat started on port(s): 8081 (http) with context path ''
2022-02-28 00:26:37.659  INFO 3959 --- [restartedMain] database.UserDbApplication               : Started UserDbApplication in 9.026 seconds (JVM running for 10.164)
2022-02-28 00:28:28.954  INFO 3959 --- [http-nio-8081-exec-2] o.a.c.c.C.[Tomcat].[localhost].[/]       : Initializing Spring DispatcherServlet 'dispatcherServlet'
2022-02-28 00:28:28.955  INFO 3959 --- [http-nio-8081-exec-2] o.s.web.servlet.DispatcherServlet        : Initializing Servlet 'dispatcherServlet'
2022-02-28 00:28:28.959  INFO 3959 --- [http-nio-8081-exec-2] o.s.web.servlet.DispatcherServlet        : Completed initialization in 4 ms
2022-02-28 00:28:38.400  WARN 3959 --- [http-nio-8081-exec-3] .w.s.m.s.DefaultHandlerExceptionResolver : Resolved [org.springframework.web.HttpRequestMethodNotSupportedException: Request method 'POST' not supported]
2022-02-28 00:31:35.352  WARN 3959 --- [http-nio-8081-exec-9] .w.s.m.s.DefaultHandlerExceptionResolver : Resolved [org.springframework.http.converter.HttpMessageNotWritableException: Could not write JSON: (was java.lang.NullPointerException); nested exception is com.fasterxml.jackson.databind.JsonMappingException: (was java.lang.NullPointerException) (through reference chain: java.util.ArrayList[0]->database.User["loggedIn"])]
2022-02-28 00:32:21.907  WARN 3959 --- [http-nio-8081-exec-1] .w.s.m.s.DefaultHandlerExceptionResolver : Resolved [org.springframework.http.converter.HttpMessageNotWritableException: Could not write JSON: (was java.lang.NullPointerException); nested exception is com.fasterxml.jackson.databind.JsonMappingException: (was java.lang.NullPointerException) (through reference chain: java.util.ArrayList[0]->database.User["loggedIn"])]
2022-02-28 00:33:50.124  INFO 3959 --- [Thread-5] j.LocalContainerEntityManagerFactoryBean : Closing JPA EntityManagerFactory for persistence unit 'default'
2022-02-28 00:33:50.132  INFO 3959 --- [Thread-5] com.zaxxer.hikari.HikariDataSource       : HikariPool-1 - Shutdown initiated...
2022-02-28 00:33:50.508  INFO 3959 --- [Thread-5] com.zaxxer.hikari.HikariDataSource       : HikariPool-1 - Shutdown completed.
2022-02-28 00:33:50.889  INFO 3959 --- [restartedMain] database.UserDbApplication               : Starting UserDbApplication using Java 13.0.2 on Andrew.local with PID 3959 (/Users/andrewjcf/1_mc_3/Backend/userDB/target/classes started by andrewjcf in /Users/andrewjcf/1_mc_3/Backend/userDB)
2022-02-28 00:33:50.889  INFO 3959 --- [restartedMain] database.UserDbApplication               : No active profile set, falling back to default profiles: default
2022-02-28 00:33:51.191  INFO 3959 --- [restartedMain] .s.d.r.c.RepositoryConfigurationDelegate : Bootstrapping Spring Data JPA repositories in DEFAULT mode.
2022-02-28 00:33:51.204  INFO 3959 --- [restartedMain] .s.d.r.c.RepositoryConfigurationDelegate : Finished Spring Data repository scanning in 11 ms. Found 1 JPA repository interfaces.
2022-02-28 00:33:51.358  INFO 3959 --- [restartedMain] o.s.b.w.embedded.tomcat.TomcatWebServer  : Tomcat initialized with port(s): 8081 (http)
2022-02-28 00:33:51.359  INFO 3959 --- [restartedMain] o.apache.catalina.core.StandardService   : Starting service [Tomcat]
2022-02-28 00:33:51.359  INFO 3959 --- [restartedMain] org.apache.catalina.core.StandardEngine  : Starting Servlet engine: [Apache Tomcat/9.0.56]
2022-02-28 00:33:51.374  INFO 3959 --- [restartedMain] o.a.c.c.C.[Tomcat].[localhost].[/]       : Initializing Spring embedded WebApplicationContext
2022-02-28 00:33:51.374  INFO 3959 --- [restartedMain] w.s.c.ServletWebServerApplicationContext : Root WebApplicationContext: initialization completed in 479 ms
2022-02-28 00:33:51.424  INFO 3959 --- [restartedMain] o.hibernate.jpa.internal.util.LogHelper  : HHH000204: Processing PersistenceUnitInfo [name: default]
2022-02-28 00:33:51.430  INFO 3959 --- [restartedMain] com.zaxxer.hikari.HikariDataSource       : HikariPool-2 - Starting...
2022-02-28 00:33:51.809  INFO 3959 --- [restartedMain] com.zaxxer.hikari.HikariDataSource       : HikariPool-2 - Start completed.
2022-02-28 00:33:51.810  INFO 3959 --- [restartedMain] org.hibernate.dialect.Dialect            : HHH000400: Using dialect: org.hibernate.dialect.MySQL8Dialect
2022-02-28 00:33:51.958  INFO 3959 --- [restartedMain] o.h.e.t.j.p.i.JtaPlatformInitiator       : HHH000490: Using JtaPlatform implementation: [org.hibernate.engine.transaction.jta.platform.internal.NoJtaPlatform]
2022-02-28 00:33:51.968  INFO 3959 --- [restartedMain] j.LocalContainerEntityManagerFactoryBean : Initialized JPA EntityManagerFactory for persistence unit 'default'
2022-02-28 00:33:52.100  WARN 3959 --- [restartedMain] JpaBaseConfiguration$JpaWebConfiguration : spring.jpa.open-in-view is enabled by default. Therefore, database queries may be performed during view rendering. Explicitly configure spring.jpa.open-in-view to disable this warning
2022-02-28 00:33:52.586  INFO 3959 --- [restartedMain] o.s.b.d.a.OptionalLiveReloadServer       : LiveReload server is running on port 35729
2022-02-28 00:33:52.607  INFO 3959 --- [restartedMain] o.s.b.w.embedded.tomcat.TomcatWebServer  : Tomcat started on port(s): 8081 (http) with context path ''
2022-02-28 00:33:52.619  INFO 3959 --- [restartedMain] database.UserDbApplication               : Started UserDbApplication in 1.932 seconds (JVM running for 445.123)
2022-02-28 00:33:52.626  INFO 3959 --- [restartedMain] .ConditionEvaluationDeltaLoggingListener : Condition evaluation unchanged
2022-02-28 00:34:37.058  INFO 3959 --- [http-nio-8081-exec-2] o.a.c.c.C.[Tomcat].[localhost].[/]       : Initializing Spring DispatcherServlet 'dispatcherServlet'
2022-02-28 00:34:37.060  INFO 3959 --- [http-nio-8081-exec-2] o.s.web.servlet.DispatcherServlet        : Initializing Servlet 'dispatcherServlet'
2022-02-28 00:34:37.063  INFO 3959 --- [http-nio-8081-exec-2] o.s.web.servlet.DispatcherServlet        : Completed initialization in 2 ms
2022-02-28 00:35:16.355  WARN 3959 --- [http-nio-8081-exec-3] .w.s.m.s.DefaultHandlerExceptionResolver : Resolved [org.springframework.http.converter.HttpMessageNotWritableException: Could not write JSON: (was java.lang.NullPointerException); nested exception is com.fasterxml.jackson.databind.JsonMappingException: (was java.lang.NullPointerException) (through reference chain: java.util.ArrayList[0]->database.User["loggedIn"])]
2022-02-28 00:36:59.669  INFO 3959 --- [Thread-7] j.LocalContainerEntityManagerFactoryBean : Closing JPA EntityManagerFactory for persistence unit 'default'
2022-02-28 00:36:59.672  INFO 3959 --- [Thread-7] com.zaxxer.hikari.HikariDataSource       : HikariPool-2 - Shutdown initiated...
2022-02-28 00:37:00.082  INFO 3959 --- [Thread-7] com.zaxxer.hikari.HikariDataSource       : HikariPool-2 - Shutdown completed.
2022-02-28 00:37:00.366  INFO 3959 --- [restartedMain] database.UserDbApplication               : Starting UserDbApplication using Java 13.0.2 on Andrew.local with PID 3959 (/Users/andrewjcf/1_mc_3/Backend/userDB/target/classes started by andrewjcf in /Users/andrewjcf/1_mc_3/Backend/userDB)
2022-02-28 00:37:00.366  INFO 3959 --- [restartedMain] database.UserDbApplication               : No active profile set, falling back to default profiles: default
2022-02-28 00:37:00.612  INFO 3959 --- [restartedMain] .s.d.r.c.RepositoryConfigurationDelegate : Bootstrapping Spring Data JPA repositories in DEFAULT mode.
2022-02-28 00:37:00.620  INFO 3959 --- [restartedMain] .s.d.r.c.RepositoryConfigurationDelegate : Finished Spring Data repository scanning in 7 ms. Found 1 JPA repository interfaces.
2022-02-28 00:37:00.765  INFO 3959 --- [restartedMain] o.s.b.w.embedded.tomcat.TomcatWebServer  : Tomcat initialized with port(s): 8081 (http)
2022-02-28 00:37:00.768  INFO 3959 --- [restartedMain] o.apache.catalina.core.StandardService   : Starting service [Tomcat]
2022-02-28 00:37:00.769  INFO 3959 --- [restartedMain] org.apache.catalina.core.StandardEngine  : Starting Servlet engine: [Apache Tomcat/9.0.56]
2022-02-28 00:37:00.788  INFO 3959 --- [restartedMain] o.a.c.c.C.[Tomcat].[localhost].[/]       : Initializing Spring embedded WebApplicationContext
2022-02-28 00:37:00.789  INFO 3959 --- [restartedMain] w.s.c.ServletWebServerApplicationContext : Root WebApplicationContext: initialization completed in 421 ms
2022-02-28 00:37:00.844  INFO 3959 --- [restartedMain] o.hibernate.jpa.internal.util.LogHelper  : HHH000204: Processing PersistenceUnitInfo [name: default]
2022-02-28 00:37:00.852  INFO 3959 --- [restartedMain] com.zaxxer.hikari.HikariDataSource       : HikariPool-3 - Starting...
2022-02-28 00:37:01.268  INFO 3959 --- [restartedMain] com.zaxxer.hikari.HikariDataSource       : HikariPool-3 - Start completed.
2022-02-28 00:37:01.269  INFO 3959 --- [restartedMain] org.hibernate.dialect.Dialect            : HHH000400: Using dialect: org.hibernate.dialect.MySQL8Dialect
2022-02-28 00:37:01.385  INFO 3959 --- [restartedMain] o.h.e.t.j.p.i.JtaPlatformInitiator       : HHH000490: Using JtaPlatform implementation: [org.hibernate.engine.transaction.jta.platform.internal.NoJtaPlatform]
2022-02-28 00:37:01.386  INFO 3959 --- [restartedMain] j.LocalContainerEntityManagerFactoryBean : Initialized JPA EntityManagerFactory for persistence unit 'default'
2022-02-28 00:37:01.483  WARN 3959 --- [restartedMain] JpaBaseConfiguration$JpaWebConfiguration : spring.jpa.open-in-view is enabled by default. Therefore, database queries may be performed during view rendering. Explicitly configure spring.jpa.open-in-view to disable this warning
2022-02-28 00:37:01.716  INFO 3959 --- [restartedMain] o.s.b.d.a.OptionalLiveReloadServer       : LiveReload server is running on port 35729
2022-02-28 00:37:01.731  INFO 3959 --- [restartedMain] o.s.b.w.embedded.tomcat.TomcatWebServer  : Tomcat started on port(s): 8081 (http) with context path ''
2022-02-28 00:37:01.748  INFO 3959 --- [restartedMain] database.UserDbApplication               : Started UserDbApplication in 1.555 seconds (JVM running for 634.253)
2022-02-28 00:37:01.751  INFO 3959 --- [restartedMain] .ConditionEvaluationDeltaLoggingListener : Condition evaluation unchanged
2022-02-28 00:37:56.811  INFO 3959 --- [RMI TCP Connection(29)-127.0.0.1] inMXBeanRegistrar$SpringApplicationAdmin : Application shutdown requested.
2022-02-28 00:37:57.054  INFO 3959 --- [RMI TCP Connection(30)-127.0.0.1] inMXBeanRegistrar$SpringApplicationAdmin : Application shutdown requested.
2022-02-28 00:37:58.837  INFO 3959 --- [RMI TCP Connection(29)-127.0.0.1] j.LocalContainerEntityManagerFactoryBean : Closing JPA EntityManagerFactory for persistence unit 'default'
2022-02-28 00:37:58.838  INFO 3959 --- [RMI TCP Connection(29)-127.0.0.1] com.zaxxer.hikari.HikariDataSource       : HikariPool-3 - Shutdown initiated...
2022-02-28 00:37:59.245  INFO 3959 --- [RMI TCP Connection(29)-127.0.0.1] com.zaxxer.hikari.HikariDataSource       : HikariPool-3 - Shutdown completed.
